[INFO ] 2021-12-27 22:52:16.470 [restartedMain] OnlineTodoAppApplication - Starting OnlineTodoAppApplication on LAPTOP-V45RREG4 with PID 17236 (C:\Users\Tamilarasi\Documents\PrabaWorkspace\online-todo-application\target\classes started by Tamilarasi in C:\Users\Tamilarasi\Documents\PrabaWorkspace\online-todo-application)
[INFO ] 2021-12-27 22:52:16.470 [restartedMain] OnlineTodoAppApplication - No active profile set, falling back to default profiles: default
[INFO ] 2021-12-27 22:52:18.119 [restartedMain] OnlineTodoAppApplication - Started OnlineTodoAppApplication in 1.71 seconds (JVM running for 70.364)
[INFO ] 2021-12-27 22:52:52.311 [restartedMain] OnlineTodoAppApplication - Starting OnlineTodoAppApplication on LAPTOP-V45RREG4 with PID 19964 (C:\Users\Tamilarasi\Documents\PrabaWorkspace\online-todo-application\target\classes started by Tamilarasi in C:\Users\Tamilarasi\Documents\PrabaWorkspace\online-todo-application)
[INFO ] 2021-12-27 22:52:52.311 [restartedMain] OnlineTodoAppApplication - No active profile set, falling back to default profiles: default
[INFO ] 2021-12-27 22:52:58.724 [restartedMain] OnlineTodoAppApplication - Started OnlineTodoAppApplication in 7.293 seconds (JVM running for 8.424)
[INFO ] 2021-12-27 22:54:35.774 [restartedMain] OnlineTodoAppApplication - Starting OnlineTodoAppApplication on LAPTOP-V45RREG4 with PID 19964 (C:\Users\Tamilarasi\Documents\PrabaWorkspace\online-todo-application\target\classes started by Tamilarasi in C:\Users\Tamilarasi\Documents\PrabaWorkspace\online-todo-application)
[INFO ] 2021-12-27 22:54:35.790 [restartedMain] OnlineTodoAppApplication - No active profile set, falling back to default profiles: default
[INFO ] 2021-12-27 22:54:37.469 [restartedMain] OnlineTodoAppApplication - Started OnlineTodoAppApplication in 1.762 seconds (JVM running for 107.168)
[INFO ] 2021-12-27 22:55:14.309 [restartedMain] OnlineTodoAppApplication - Starting OnlineTodoAppApplication on LAPTOP-V45RREG4 with PID 19564 (C:\Users\Tamilarasi\Documents\PrabaWorkspace\online-todo-application\target\classes started by Tamilarasi in C:\Users\Tamilarasi\Documents\PrabaWorkspace\online-todo-application)
[INFO ] 2021-12-27 22:55:14.309 [restartedMain] OnlineTodoAppApplication - No active profile set, falling back to default profiles: default
[INFO ] 2021-12-27 22:55:20.341 [restartedMain] OnlineTodoAppApplication - Started OnlineTodoAppApplication in 6.903 seconds (JVM running for 7.988)
[INFO ] 2021-12-27 22:57:18.130 [http-nio-8080-exec-2] ApiController - 
[INFO ] 2021-12-27 22:57:18.130 [http-nio-8080-exec-2] ApiController - *******************************************
[INFO ] 2021-12-27 22:57:18.130 [http-nio-8080-exec-2] ApiController - POST /userId/addtodos
[INFO ] 2021-12-27 22:57:18.130 [http-nio-8080-exec-2] ApiController - 	userId: 1
[INFO ] 2021-12-27 22:57:18.130 [http-nio-8080-exec-2] ApiController - 	todo: TodoDto [title=prabagrljl, description=laskjdfalsj, status=In Progress, targetDate=2021-12-28, lastUpdatedDate=]
[INFO ] 2021-12-27 22:57:18.130 [http-nio-8080-exec-2] ApiController - ******************************************
[INFO ] 2021-12-27 22:57:18.130 [http-nio-8080-exec-2] ApiController - 
[INFO ] 2021-12-27 22:57:18.154 [http-nio-8080-exec-3] ApiController - 
[INFO ] 2021-12-27 22:57:18.154 [http-nio-8080-exec-3] ApiController - *******************************************
[INFO ] 2021-12-27 22:57:18.154 [http-nio-8080-exec-3] ApiController - GET /userId/listtodos
[INFO ] 2021-12-27 22:57:18.154 [http-nio-8080-exec-3] ApiController - 	userId: 1
[INFO ] 2021-12-27 22:57:18.154 [http-nio-8080-exec-3] ApiController - ******************************************
[INFO ] 2021-12-27 22:57:18.155 [http-nio-8080-exec-3] ApiController - 
[INFO ] 2021-12-27 22:58:53.417 [http-nio-8080-exec-8] ApiController - 
[INFO ] 2021-12-27 22:58:53.418 [http-nio-8080-exec-8] ApiController - *******************************************
[INFO ] 2021-12-27 22:58:53.418 [http-nio-8080-exec-8] ApiController - GET /userId/edit/todoId
[INFO ] 2021-12-27 22:58:53.418 [http-nio-8080-exec-8] ApiController - 	userId: 1
[INFO ] 2021-12-27 22:58:53.418 [http-nio-8080-exec-8] ApiController - ******************************************
[INFO ] 2021-12-27 22:58:53.418 [http-nio-8080-exec-8] ApiController - 
[INFO ] 2021-12-27 22:59:08.139 [http-nio-8080-exec-9] ApiController - 
[INFO ] 2021-12-27 22:59:08.139 [http-nio-8080-exec-9] ApiController - *******************************************
[INFO ] 2021-12-27 22:59:08.140 [http-nio-8080-exec-9] ApiController - POST /userId/updatetodos/todoId
[INFO ] 2021-12-27 22:59:08.140 [http-nio-8080-exec-9] ApiController - 	userId: 1
[INFO ] 2021-12-27 22:59:08.141 [http-nio-8080-exec-9] ApiController - 	todo: TodoDto [title=prabagrljl, description=testasfdf, status=In Progress, targetDate=2021-12-28, lastUpdatedDate=27-12-2021 10:55:18]
[INFO ] 2021-12-27 22:59:08.141 [http-nio-8080-exec-9] ApiController - ******************************************
[INFO ] 2021-12-27 22:59:08.141 [http-nio-8080-exec-9] ApiController - 
[INFO ] 2021-12-27 22:59:08.179 [http-nio-8080-exec-4] ApiController - 
[INFO ] 2021-12-27 22:59:08.179 [http-nio-8080-exec-4] ApiController - *******************************************
[INFO ] 2021-12-27 22:59:08.179 [http-nio-8080-exec-4] ApiController - GET /userId/listtodos
[INFO ] 2021-12-27 22:59:08.179 [http-nio-8080-exec-4] ApiController - 	userId: 1
[INFO ] 2021-12-27 22:59:08.179 [http-nio-8080-exec-4] ApiController - ******************************************
[INFO ] 2021-12-27 22:59:08.179 [http-nio-8080-exec-4] ApiController - 
[INFO ] 2021-12-27 22:59:20.099 [http-nio-8080-exec-1] ApiController - 
[INFO ] 2021-12-27 22:59:20.099 [http-nio-8080-exec-1] ApiController - *******************************************
[INFO ] 2021-12-27 22:59:20.099 [http-nio-8080-exec-1] ApiController - GET /userId/edit/todoId
[INFO ] 2021-12-27 22:59:20.099 [http-nio-8080-exec-1] ApiController - 	userId: 1
[INFO ] 2021-12-27 22:59:20.099 [http-nio-8080-exec-1] ApiController - ******************************************
[INFO ] 2021-12-27 22:59:20.100 [http-nio-8080-exec-1] ApiController - 
[INFO ] 2021-12-27 22:59:31.374 [http-nio-8080-exec-10] ApiController - 
[INFO ] 2021-12-27 22:59:31.374 [http-nio-8080-exec-10] ApiController - *******************************************
[INFO ] 2021-12-27 22:59:31.375 [http-nio-8080-exec-10] ApiController - POST /userId/updatetodos/todoId
[INFO ] 2021-12-27 22:59:31.375 [http-nio-8080-exec-10] ApiController - 	userId: 1
[INFO ] 2021-12-27 22:59:31.377 [http-nio-8080-exec-10] ApiController - 	todo: TodoDto [title=prabagrljl, description=awerwerwerwer, status=In Progress, targetDate=2021-12-28, lastUpdatedDate=27-12-2021 10:55:18]
[INFO ] 2021-12-27 22:59:31.377 [http-nio-8080-exec-10] ApiController - ******************************************
[INFO ] 2021-12-27 22:59:31.377 [http-nio-8080-exec-10] ApiController - 
[INFO ] 2021-12-27 22:59:31.397 [http-nio-8080-exec-2] ApiController - 
[INFO ] 2021-12-27 22:59:31.397 [http-nio-8080-exec-2] ApiController - *******************************************
[INFO ] 2021-12-27 22:59:31.397 [http-nio-8080-exec-2] ApiController - GET /userId/listtodos
[INFO ] 2021-12-27 22:59:31.397 [http-nio-8080-exec-2] ApiController - 	userId: 1
[INFO ] 2021-12-27 22:59:31.397 [http-nio-8080-exec-2] ApiController - ******************************************
[INFO ] 2021-12-27 22:59:31.397 [http-nio-8080-exec-2] ApiController - 
[INFO ] 2021-12-27 22:59:45.229 [restartedMain] OnlineTodoAppApplication - Starting OnlineTodoAppApplication on LAPTOP-V45RREG4 with PID 19564 (C:\Users\Tamilarasi\Documents\PrabaWorkspace\online-todo-application\target\classes started by Tamilarasi in C:\Users\Tamilarasi\Documents\PrabaWorkspace\online-todo-application)
[INFO ] 2021-12-27 22:59:45.230 [restartedMain] OnlineTodoAppApplication - No active profile set, falling back to default profiles: default
[INFO ] 2021-12-27 23:01:31.633 [restartedMain] OnlineTodoAppApplication - Starting OnlineTodoAppApplication on LAPTOP-V45RREG4 with PID 14268 (C:\Users\Tamilarasi\Documents\PrabaWorkspace\online-todo-application\target\classes started by Tamilarasi in C:\Users\Tamilarasi\Documents\PrabaWorkspace\online-todo-application)
[INFO ] 2021-12-27 23:01:31.651 [restartedMain] OnlineTodoAppApplication - No active profile set, falling back to default profiles: default
[INFO ] 2021-12-27 23:01:38.502 [restartedMain] OnlineTodoAppApplication - Started OnlineTodoAppApplication in 7.79 seconds (JVM running for 8.905)
[INFO ] 2021-12-27 23:02:25.356 [http-nio-8080-exec-9] ApiController - 
[INFO ] 2021-12-27 23:02:25.356 [http-nio-8080-exec-9] ApiController - *******************************************
[INFO ] 2021-12-27 23:02:25.356 [http-nio-8080-exec-9] ApiController - POST /userId/addtodos
[INFO ] 2021-12-27 23:02:25.357 [http-nio-8080-exec-9] ApiController - 	userId: 1
[INFO ] 2021-12-27 23:02:25.357 [http-nio-8080-exec-9] ApiController - 	todo: TodoDto [title=Prabagaran, description=praasfljkasdfljkasfd, status=In Progress, targetDate=2021-12-29, lastUpdatedDate=]
[INFO ] 2021-12-27 23:02:25.357 [http-nio-8080-exec-9] ApiController - ******************************************
[INFO ] 2021-12-27 23:02:25.357 [http-nio-8080-exec-9] ApiController - 
[INFO ] 2021-12-27 23:02:25.379 [http-nio-8080-exec-1] ApiController - 
[INFO ] 2021-12-27 23:02:25.379 [http-nio-8080-exec-1] ApiController - *******************************************
[INFO ] 2021-12-27 23:02:25.379 [http-nio-8080-exec-1] ApiController - GET /userId/listtodos
[INFO ] 2021-12-27 23:02:25.379 [http-nio-8080-exec-1] ApiController - 	userId: 1
[INFO ] 2021-12-27 23:02:25.379 [http-nio-8080-exec-1] ApiController - ******************************************
[INFO ] 2021-12-27 23:02:25.379 [http-nio-8080-exec-1] ApiController - 
[INFO ] 2021-12-27 23:02:37.631 [http-nio-8080-exec-2] ApiController - 
[INFO ] 2021-12-27 23:02:37.631 [http-nio-8080-exec-2] ApiController - *******************************************
[INFO ] 2021-12-27 23:02:37.631 [http-nio-8080-exec-2] ApiController - GET /userId/edit/todoId
[INFO ] 2021-12-27 23:02:37.631 [http-nio-8080-exec-2] ApiController - 	userId: 1
[INFO ] 2021-12-27 23:02:37.631 [http-nio-8080-exec-2] ApiController - ******************************************
[INFO ] 2021-12-27 23:02:37.631 [http-nio-8080-exec-2] ApiController - 
[INFO ] 2021-12-27 23:02:47.935 [http-nio-8080-exec-4] ApiController - 
[INFO ] 2021-12-27 23:02:47.936 [http-nio-8080-exec-4] ApiController - *******************************************
[INFO ] 2021-12-27 23:02:47.936 [http-nio-8080-exec-4] ApiController - POST /userId/updatetodos/todoId
[INFO ] 2021-12-27 23:02:47.936 [http-nio-8080-exec-4] ApiController - 	userId: 1
[INFO ] 2021-12-27 23:02:47.936 [http-nio-8080-exec-4] ApiController - 	todo: TodoDto [title=tamilasdf, description=praasfljkasdfljkasfd, status=In Progress, targetDate=2021-12-29, lastUpdatedDate=2021-12-27 11:02:25]
[INFO ] 2021-12-27 23:02:47.936 [http-nio-8080-exec-4] ApiController - ******************************************
[INFO ] 2021-12-27 23:02:47.936 [http-nio-8080-exec-4] ApiController - 
[INFO ] 2021-12-27 23:02:47.976 [http-nio-8080-exec-3] ApiController - 
[INFO ] 2021-12-27 23:02:47.976 [http-nio-8080-exec-3] ApiController - *******************************************
[INFO ] 2021-12-27 23:02:47.976 [http-nio-8080-exec-3] ApiController - GET /userId/listtodos
[INFO ] 2021-12-27 23:02:47.976 [http-nio-8080-exec-3] ApiController - 	userId: 1
[INFO ] 2021-12-27 23:02:47.976 [http-nio-8080-exec-3] ApiController - ******************************************
[INFO ] 2021-12-27 23:02:47.976 [http-nio-8080-exec-3] ApiController - 
[INFO ] 2021-12-27 23:03:22.971 [restartedMain] OnlineTodoAppApplication - Starting OnlineTodoAppApplication on LAPTOP-V45RREG4 with PID 14268 (C:\Users\Tamilarasi\Documents\PrabaWorkspace\online-todo-application\target\classes started by Tamilarasi in C:\Users\Tamilarasi\Documents\PrabaWorkspace\online-todo-application)
[INFO ] 2021-12-27 23:03:22.971 [restartedMain] OnlineTodoAppApplication - No active profile set, falling back to default profiles: default
[INFO ] 2021-12-27 23:03:24.555 [restartedMain] OnlineTodoAppApplication - Started OnlineTodoAppApplication in 1.639 seconds (JVM running for 114.957)
[INFO ] 2021-12-27 23:03:45.368 [restartedMain] OnlineTodoAppApplication - Starting OnlineTodoAppApplication on LAPTOP-V45RREG4 with PID 14268 (C:\Users\Tamilarasi\Documents\PrabaWorkspace\online-todo-application\target\classes started by Tamilarasi in C:\Users\Tamilarasi\Documents\PrabaWorkspace\online-todo-application)
[INFO ] 2021-12-27 23:03:45.368 [restartedMain] OnlineTodoAppApplication - No active profile set, falling back to default profiles: default
[INFO ] 2021-12-27 23:03:46.871 [restartedMain] OnlineTodoAppApplication - Started OnlineTodoAppApplication in 1.569 seconds (JVM running for 137.278)
[INFO ] 2021-12-27 23:04:24.035 [restartedMain] OnlineTodoAppApplication - Starting OnlineTodoAppApplication on LAPTOP-V45RREG4 with PID 14268 (C:\Users\Tamilarasi\Documents\PrabaWorkspace\online-todo-application\target\classes started by Tamilarasi in C:\Users\Tamilarasi\Documents\PrabaWorkspace\online-todo-application)
[INFO ] 2021-12-27 23:04:24.035 [restartedMain] OnlineTodoAppApplication - No active profile set, falling back to default profiles: default
[INFO ] 2021-12-27 23:04:25.501 [restartedMain] OnlineTodoAppApplication - Started OnlineTodoAppApplication in 1.513 seconds (JVM running for 175.916)
[INFO ] 2021-12-27 23:04:51.794 [restartedMain] OnlineTodoAppApplication - Starting OnlineTodoAppApplication on LAPTOP-V45RREG4 with PID 13392 (C:\Users\Tamilarasi\Documents\PrabaWorkspace\online-todo-application\target\classes started by Tamilarasi in C:\Users\Tamilarasi\Documents\PrabaWorkspace\online-todo-application)
[INFO ] 2021-12-27 23:04:51.810 [restartedMain] OnlineTodoAppApplication - No active profile set, falling back to default profiles: default
[INFO ] 2021-12-27 23:04:58.663 [restartedMain] OnlineTodoAppApplication - Started OnlineTodoAppApplication in 8.132 seconds (JVM running for 9.89)
[INFO ] 2021-12-27 23:05:57.053 [http-nio-8080-exec-3] ApiController - 
[INFO ] 2021-12-27 23:05:57.053 [http-nio-8080-exec-3] ApiController - *******************************************
[INFO ] 2021-12-27 23:05:57.053 [http-nio-8080-exec-3] ApiController - POST /userId/addtodos
[INFO ] 2021-12-27 23:05:57.054 [http-nio-8080-exec-3] ApiController - 	userId: 1
[INFO ] 2021-12-27 23:05:57.054 [http-nio-8080-exec-3] ApiController - 	todo: TodoDto [title=asdfasdfasfd, description=asdfasdf, status=In Progress, targetDate=2021-12-28, lastUpdatedDate=]
[INFO ] 2021-12-27 23:05:57.054 [http-nio-8080-exec-3] ApiController - ******************************************
[INFO ] 2021-12-27 23:05:57.054 [http-nio-8080-exec-3] ApiController - 
[INFO ] 2021-12-27 23:05:57.080 [http-nio-8080-exec-6] ApiController - 
[INFO ] 2021-12-27 23:05:57.080 [http-nio-8080-exec-6] ApiController - *******************************************
[INFO ] 2021-12-27 23:05:57.080 [http-nio-8080-exec-6] ApiController - GET /userId/listtodos
[INFO ] 2021-12-27 23:05:57.080 [http-nio-8080-exec-6] ApiController - 	userId: 1
[INFO ] 2021-12-27 23:05:57.080 [http-nio-8080-exec-6] ApiController - ******************************************
[INFO ] 2021-12-27 23:05:57.080 [http-nio-8080-exec-6] ApiController - 
[INFO ] 2021-12-27 23:09:08.743 [http-nio-8080-exec-4] ApiController - 
[INFO ] 2021-12-27 23:09:08.743 [http-nio-8080-exec-4] ApiController - *******************************************
[INFO ] 2021-12-27 23:09:08.743 [http-nio-8080-exec-4] ApiController - POST /userId/addtodos
[INFO ] 2021-12-27 23:09:08.743 [http-nio-8080-exec-4] ApiController - 	userId: 1
[INFO ] 2021-12-27 23:09:08.743 [http-nio-8080-exec-4] ApiController - 	todo: TodoDto [title=asdfasdfsadf, description=asdfsadf, status=Completed, targetDate=2021-12-07, lastUpdatedDate=]
[INFO ] 2021-12-27 23:09:08.743 [http-nio-8080-exec-4] ApiController - ******************************************
[INFO ] 2021-12-27 23:09:08.744 [http-nio-8080-exec-4] ApiController - 
[INFO ] 2021-12-27 23:09:08.765 [http-nio-8080-exec-1] ApiController - 
[INFO ] 2021-12-27 23:09:08.765 [http-nio-8080-exec-1] ApiController - *******************************************
[INFO ] 2021-12-27 23:09:08.765 [http-nio-8080-exec-1] ApiController - GET /userId/listtodos
[INFO ] 2021-12-27 23:09:08.765 [http-nio-8080-exec-1] ApiController - 	userId: 1
[INFO ] 2021-12-27 23:09:08.765 [http-nio-8080-exec-1] ApiController - ******************************************
[INFO ] 2021-12-27 23:09:08.765 [http-nio-8080-exec-1] ApiController - 
[INFO ] 2021-12-27 23:09:19.069 [http-nio-8080-exec-2] ApiController - 
[INFO ] 2021-12-27 23:09:19.069 [http-nio-8080-exec-2] ApiController - *******************************************
[INFO ] 2021-12-27 23:09:19.069 [http-nio-8080-exec-2] ApiController - GET /userId/deletetodos/todoId
[INFO ] 2021-12-27 23:09:19.069 [http-nio-8080-exec-2] ApiController - 	userId: 1
[INFO ] 2021-12-27 23:09:19.069 [http-nio-8080-exec-2] ApiController - ******************************************
[INFO ] 2021-12-27 23:09:19.069 [http-nio-8080-exec-2] ApiController - 
[INFO ] 2021-12-27 23:09:19.092 [http-nio-8080-exec-5] ApiController - 
[INFO ] 2021-12-27 23:09:19.092 [http-nio-8080-exec-5] ApiController - *******************************************
[INFO ] 2021-12-27 23:09:19.092 [http-nio-8080-exec-5] ApiController - GET /userId/listtodos
[INFO ] 2021-12-27 23:09:19.092 [http-nio-8080-exec-5] ApiController - 	userId: 1
[INFO ] 2021-12-27 23:09:19.092 [http-nio-8080-exec-5] ApiController - ******************************************
[INFO ] 2021-12-27 23:09:19.093 [http-nio-8080-exec-5] ApiController - 
[INFO ] 2021-12-27 23:48:36.918 [restartedMain] OnlineTodoAppApplication - Starting OnlineTodoAppApplication on LAPTOP-V45RREG4 with PID 13392 (C:\Users\Tamilarasi\Documents\PrabaWorkspace\online-todo-application\target\classes started by Tamilarasi in C:\Users\Tamilarasi\Documents\PrabaWorkspace\online-todo-application)
[INFO ] 2021-12-27 23:48:36.919 [restartedMain] OnlineTodoAppApplication - No active profile set, falling back to default profiles: default
[INFO ] 2021-12-27 23:48:38.677 [restartedMain] OnlineTodoAppApplication - Started OnlineTodoAppApplication in 1.833 seconds (JVM running for 2629.903)
[INFO ] 2021-12-27 23:49:02.577 [main] ApplicationTests - Starting ApplicationTests on LAPTOP-V45RREG4 with PID 8764 (started by Tamilarasi in C:\Users\Tamilarasi\Documents\PrabaWorkspace\online-todo-application)
[INFO ] 2021-12-27 23:49:02.577 [main] ApplicationTests - No active profile set, falling back to default profiles: default
[INFO ] 2021-12-27 23:49:14.797 [main] ApplicationTests - Started ApplicationTests in 13.786 seconds (JVM running for 15.362)
[INFO ] 2021-12-27 23:49:58.355 [restartedMain] OnlineTodoAppApplication - Starting OnlineTodoAppApplication on LAPTOP-V45RREG4 with PID 14524 (C:\Users\Tamilarasi\Documents\PrabaWorkspace\online-todo-application\target\classes started by Tamilarasi in C:\Users\Tamilarasi\Documents\PrabaWorkspace\online-todo-application)
[INFO ] 2021-12-27 23:49:58.355 [restartedMain] OnlineTodoAppApplication - No active profile set, falling back to default profiles: default
[INFO ] 2021-12-27 23:50:05.110 [restartedMain] OnlineTodoAppApplication - Started OnlineTodoAppApplication in 7.619 seconds (JVM running for 8.652)
[INFO ] 2021-12-27 23:50:54.583 [http-nio-8080-exec-10] ApiController - 
[INFO ] 2021-12-27 23:50:54.583 [http-nio-8080-exec-10] ApiController - *******************************************
[INFO ] 2021-12-27 23:50:54.583 [http-nio-8080-exec-10] ApiController - POST /userId/addtodos
[INFO ] 2021-12-27 23:50:54.583 [http-nio-8080-exec-10] ApiController - 	userId: 1
[INFO ] 2021-12-27 23:50:54.584 [http-nio-8080-exec-10] ApiController - 	todo: TodoDto [title=Prabagara, description=alsjkdfasldfj, status=In Progress, targetDate=2021-12-28, lastUpdatedDate=]
[INFO ] 2021-12-27 23:50:54.584 [http-nio-8080-exec-10] ApiController - ******************************************
[INFO ] 2021-12-27 23:50:54.584 [http-nio-8080-exec-10] ApiController - 
[INFO ] 2021-12-27 23:50:54.607 [http-nio-8080-exec-1] ApiController - 
[INFO ] 2021-12-27 23:50:54.607 [http-nio-8080-exec-1] ApiController - *******************************************
[INFO ] 2021-12-27 23:50:54.607 [http-nio-8080-exec-1] ApiController - GET /userId/listtodos
[INFO ] 2021-12-27 23:50:54.607 [http-nio-8080-exec-1] ApiController - 	userId: 1
[INFO ] 2021-12-27 23:50:54.607 [http-nio-8080-exec-1] ApiController - ******************************************
[INFO ] 2021-12-27 23:50:54.607 [http-nio-8080-exec-1] ApiController - 
[INFO ] 2021-12-27 23:51:10.014 [http-nio-8080-exec-5] ApiController - 
[INFO ] 2021-12-27 23:51:10.014 [http-nio-8080-exec-5] ApiController - *******************************************
[INFO ] 2021-12-27 23:51:10.015 [http-nio-8080-exec-5] ApiController - POST /userId/addtodos
[INFO ] 2021-12-27 23:51:10.015 [http-nio-8080-exec-5] ApiController - 	userId: 1
[INFO ] 2021-12-27 23:51:10.015 [http-nio-8080-exec-5] ApiController - 	todo: TodoDto [title=tamil, description=tamiltest, status=In Progress, targetDate=2021-12-30, lastUpdatedDate=]
[INFO ] 2021-12-27 23:51:10.015 [http-nio-8080-exec-5] ApiController - ******************************************
[INFO ] 2021-12-27 23:51:10.015 [http-nio-8080-exec-5] ApiController - 
[INFO ] 2021-12-27 23:51:10.037 [http-nio-8080-exec-3] ApiController - 
[INFO ] 2021-12-27 23:51:10.037 [http-nio-8080-exec-3] ApiController - *******************************************
[INFO ] 2021-12-27 23:51:10.037 [http-nio-8080-exec-3] ApiController - GET /userId/listtodos
[INFO ] 2021-12-27 23:51:10.037 [http-nio-8080-exec-3] ApiController - 	userId: 1
[INFO ] 2021-12-27 23:51:10.037 [http-nio-8080-exec-3] ApiController - ******************************************
[INFO ] 2021-12-27 23:51:10.038 [http-nio-8080-exec-3] ApiController - 
[INFO ] 2021-12-27 23:51:30.709 [restartedMain] OnlineTodoAppApplication - Starting OnlineTodoAppApplication on LAPTOP-V45RREG4 with PID 14524 (C:\Users\Tamilarasi\Documents\PrabaWorkspace\online-todo-application\target\classes started by Tamilarasi in C:\Users\Tamilarasi\Documents\PrabaWorkspace\online-todo-application)
[INFO ] 2021-12-27 23:51:30.709 [restartedMain] OnlineTodoAppApplication - No active profile set, falling back to default profiles: default
[INFO ] 2021-12-27 23:51:32.545 [restartedMain] OnlineTodoAppApplication - Started OnlineTodoAppApplication in 1.886 seconds (JVM running for 96.079)
[INFO ] 2021-12-27 23:52:21.599 [restartedMain] OnlineTodoAppApplication - Starting OnlineTodoAppApplication on LAPTOP-V45RREG4 with PID 19376 (C:\Users\Tamilarasi\Documents\PrabaWorkspace\online-todo-application\target\classes started by Tamilarasi in C:\Users\Tamilarasi\Documents\PrabaWorkspace\online-todo-application)
[INFO ] 2021-12-27 23:52:21.605 [restartedMain] OnlineTodoAppApplication - No active profile set, falling back to default profiles: default
[INFO ] 2021-12-27 23:52:28.818 [restartedMain] OnlineTodoAppApplication - Started OnlineTodoAppApplication in 8.111 seconds (JVM running for 9.169)
[INFO ] 2021-12-27 23:53:11.692 [http-nio-8080-exec-9] ApiController - 
[INFO ] 2021-12-27 23:53:11.692 [http-nio-8080-exec-9] ApiController - *******************************************
[INFO ] 2021-12-27 23:53:11.692 [http-nio-8080-exec-9] ApiController - POST /userId/addtodos
[INFO ] 2021-12-27 23:53:11.692 [http-nio-8080-exec-9] ApiController - 	userId: 1
[INFO ] 2021-12-27 23:53:11.693 [http-nio-8080-exec-9] ApiController - 	todo: TodoDto [title=Prabgaran, description=aslfkdjasldfjk, status=In Progress, targetDate=2021-12-28, lastUpdatedDate=]
[INFO ] 2021-12-27 23:53:11.693 [http-nio-8080-exec-9] ApiController - ******************************************
[INFO ] 2021-12-27 23:53:11.693 [http-nio-8080-exec-9] ApiController - 
[INFO ] 2021-12-27 23:53:11.721 [http-nio-8080-exec-10] ApiController - 
[INFO ] 2021-12-27 23:53:11.721 [http-nio-8080-exec-10] ApiController - *******************************************
[INFO ] 2021-12-27 23:53:11.721 [http-nio-8080-exec-10] ApiController - GET /userId/listtodos
[INFO ] 2021-12-27 23:53:11.721 [http-nio-8080-exec-10] ApiController - 	userId: 1
[INFO ] 2021-12-27 23:53:11.721 [http-nio-8080-exec-10] ApiController - ******************************************
[INFO ] 2021-12-27 23:53:11.721 [http-nio-8080-exec-10] ApiController - 
[INFO ] 2021-12-27 23:53:30.502 [http-nio-8080-exec-4] ApiController - 
[INFO ] 2021-12-27 23:53:30.502 [http-nio-8080-exec-4] ApiController - *******************************************
[INFO ] 2021-12-27 23:53:30.502 [http-nio-8080-exec-4] ApiController - POST /userId/addtodos
[INFO ] 2021-12-27 23:53:30.502 [http-nio-8080-exec-4] ApiController - 	userId: 1
[INFO ] 2021-12-27 23:53:30.503 [http-nio-8080-exec-4] ApiController - 	todo: TodoDto [title=tamil, description=testtamil, status=In Progress, targetDate=2021-12-29, lastUpdatedDate=]
[INFO ] 2021-12-27 23:53:30.503 [http-nio-8080-exec-4] ApiController - ******************************************
[INFO ] 2021-12-27 23:53:30.503 [http-nio-8080-exec-4] ApiController - 
[INFO ] 2021-12-27 23:53:30.523 [http-nio-8080-exec-3] ApiController - 
[INFO ] 2021-12-27 23:53:30.523 [http-nio-8080-exec-3] ApiController - *******************************************
[INFO ] 2021-12-27 23:53:30.523 [http-nio-8080-exec-3] ApiController - GET /userId/listtodos
[INFO ] 2021-12-27 23:53:30.523 [http-nio-8080-exec-3] ApiController - 	userId: 1
[INFO ] 2021-12-27 23:53:30.523 [http-nio-8080-exec-3] ApiController - ******************************************
[INFO ] 2021-12-27 23:53:30.523 [http-nio-8080-exec-3] ApiController - 
[INFO ] 2021-12-27 23:53:39.754 [http-nio-8080-exec-2] ApiController - 
[INFO ] 2021-12-27 23:53:39.754 [http-nio-8080-exec-2] ApiController - *******************************************
[INFO ] 2021-12-27 23:53:39.754 [http-nio-8080-exec-2] ApiController - GET /userId/deletetodos/todoId
[INFO ] 2021-12-27 23:53:39.755 [http-nio-8080-exec-2] ApiController - 	userId: 1
[INFO ] 2021-12-27 23:53:39.755 [http-nio-8080-exec-2] ApiController - ******************************************
[INFO ] 2021-12-27 23:53:39.755 [http-nio-8080-exec-2] ApiController - 
[INFO ] 2021-12-27 23:53:39.781 [http-nio-8080-exec-5] ApiController - 
[INFO ] 2021-12-27 23:53:39.781 [http-nio-8080-exec-5] ApiController - *******************************************
[INFO ] 2021-12-27 23:53:39.781 [http-nio-8080-exec-5] ApiController - GET /userId/listtodos
[INFO ] 2021-12-27 23:53:39.782 [http-nio-8080-exec-5] ApiController - 	userId: 1
[INFO ] 2021-12-27 23:53:39.782 [http-nio-8080-exec-5] ApiController - ******************************************
[INFO ] 2021-12-27 23:53:39.782 [http-nio-8080-exec-5] ApiController - 
[INFO ] 2021-12-27 23:53:59.066 [http-nio-8080-exec-6] ApiController - 
[INFO ] 2021-12-27 23:53:59.066 [http-nio-8080-exec-6] ApiController - *******************************************
[INFO ] 2021-12-27 23:53:59.066 [http-nio-8080-exec-6] ApiController - GET /userId/edit/todoId
[INFO ] 2021-12-27 23:53:59.066 [http-nio-8080-exec-6] ApiController - 	userId: 1
[INFO ] 2021-12-27 23:53:59.066 [http-nio-8080-exec-6] ApiController - ******************************************
[INFO ] 2021-12-27 23:53:59.066 [http-nio-8080-exec-6] ApiController - 
[INFO ] 2021-12-27 23:54:04.903 [http-nio-8080-exec-9] ApiController - 
[INFO ] 2021-12-27 23:54:04.903 [http-nio-8080-exec-9] ApiController - *******************************************
[INFO ] 2021-12-27 23:54:04.903 [http-nio-8080-exec-9] ApiController - POST /userId/updatetodos/todoId
[INFO ] 2021-12-27 23:54:04.903 [http-nio-8080-exec-9] ApiController - 	userId: 1
[INFO ] 2021-12-27 23:54:04.903 [http-nio-8080-exec-9] ApiController - 	todo: TodoDto [title=tamil, description=testtamilsfda, status=In Progress, targetDate=2021-12-29, lastUpdatedDate=2021-12-27 11:53:30]
[INFO ] 2021-12-27 23:54:04.903 [http-nio-8080-exec-9] ApiController - ******************************************
[INFO ] 2021-12-27 23:54:04.903 [http-nio-8080-exec-9] ApiController - 
[INFO ] 2021-12-27 23:54:04.947 [http-nio-8080-exec-10] ApiController - 
[INFO ] 2021-12-27 23:54:04.947 [http-nio-8080-exec-10] ApiController - *******************************************
[INFO ] 2021-12-27 23:54:04.947 [http-nio-8080-exec-10] ApiController - GET /userId/listtodos
[INFO ] 2021-12-27 23:54:04.947 [http-nio-8080-exec-10] ApiController - 	userId: 1
[INFO ] 2021-12-27 23:54:04.947 [http-nio-8080-exec-10] ApiController - ******************************************
[INFO ] 2021-12-27 23:54:04.947 [http-nio-8080-exec-10] ApiController - 
[INFO ] 2021-12-27 23:54:16.767 [http-nio-8080-exec-1] ApiController - 
[INFO ] 2021-12-27 23:54:16.767 [http-nio-8080-exec-1] ApiController - *******************************************
[INFO ] 2021-12-27 23:54:16.767 [http-nio-8080-exec-1] ApiController - GET /userId/listtodos
[INFO ] 2021-12-27 23:54:16.767 [http-nio-8080-exec-1] ApiController - 	userId: 1
[INFO ] 2021-12-27 23:54:16.767 [http-nio-8080-exec-1] ApiController - ******************************************
[INFO ] 2021-12-27 23:54:16.767 [http-nio-8080-exec-1] ApiController - 
[INFO ] 2021-12-28 00:01:21.064 [restartedMain] OnlineTodoAppApplication - Starting OnlineTodoAppApplication on LAPTOP-V45RREG4 with PID 19376 (C:\Users\Tamilarasi\Documents\PrabaWorkspace\online-todo-application\target\classes started by Tamilarasi in C:\Users\Tamilarasi\Documents\PrabaWorkspace\online-todo-application)
[INFO ] 2021-12-28 00:01:21.065 [restartedMain] OnlineTodoAppApplication - No active profile set, falling back to default profiles: default
[INFO ] 2021-12-28 00:01:23.082 [restartedMain] OnlineTodoAppApplication - Started OnlineTodoAppApplication in 2.146 seconds (JVM running for 543.434)
[INFO ] 2021-12-28 00:01:35.588 [restartedMain] OnlineTodoAppApplication - Starting OnlineTodoAppApplication on LAPTOP-V45RREG4 with PID 19376 (C:\Users\Tamilarasi\Documents\PrabaWorkspace\online-todo-application\target\classes started by Tamilarasi in C:\Users\Tamilarasi\Documents\PrabaWorkspace\online-todo-application)
[INFO ] 2021-12-28 00:01:35.588 [restartedMain] OnlineTodoAppApplication - No active profile set, falling back to default profiles: default
[INFO ] 2021-12-28 00:01:37.522 [restartedMain] OnlineTodoAppApplication - Started OnlineTodoAppApplication in 1.995 seconds (JVM running for 557.873)
[INFO ] 2021-12-28 00:02:56.338 [http-nio-8080-exec-2] ApiController - 
[INFO ] 2021-12-28 00:02:56.338 [http-nio-8080-exec-2] ApiController - *******************************************
[INFO ] 2021-12-28 00:02:56.338 [http-nio-8080-exec-2] ApiController - GET /userId/listtodos
[INFO ] 2021-12-28 00:02:56.338 [http-nio-8080-exec-2] ApiController - 	userId: 1
[INFO ] 2021-12-28 00:02:56.338 [http-nio-8080-exec-2] ApiController - ******************************************
[INFO ] 2021-12-28 00:02:56.338 [http-nio-8080-exec-2] ApiController - 
[INFO ] 2021-12-28 00:02:58.056 [http-nio-8080-exec-3] ApiController - 
[INFO ] 2021-12-28 00:02:58.056 [http-nio-8080-exec-3] ApiController - *******************************************
[INFO ] 2021-12-28 00:02:58.056 [http-nio-8080-exec-3] ApiController - GET /userId/edit/todoId
[INFO ] 2021-12-28 00:02:58.056 [http-nio-8080-exec-3] ApiController - 	userId: 1
[INFO ] 2021-12-28 00:02:58.056 [http-nio-8080-exec-3] ApiController - ******************************************
[INFO ] 2021-12-28 00:02:58.056 [http-nio-8080-exec-3] ApiController - 
[INFO ] 2021-12-28 00:07:38.859 [restartedMain] OnlineTodoAppApplication - Starting OnlineTodoAppApplication on LAPTOP-V45RREG4 with PID 17632 (C:\Users\Tamilarasi\Documents\PrabaWorkspace\online-todo-application\target\classes started by Tamilarasi in C:\Users\Tamilarasi\Documents\PrabaWorkspace\online-todo-application)
[INFO ] 2021-12-28 00:07:38.875 [restartedMain] OnlineTodoAppApplication - No active profile set, falling back to default profiles: default
[INFO ] 2021-12-28 00:07:45.198 [restartedMain] OnlineTodoAppApplication - Started OnlineTodoAppApplication in 7.268 seconds (JVM running for 8.271)
[INFO ] 2021-12-28 00:09:55.660 [http-nio-8080-exec-5] ApiController - 
[INFO ] 2021-12-28 00:09:55.661 [http-nio-8080-exec-5] ApiController - *******************************************
[INFO ] 2021-12-28 00:09:55.661 [http-nio-8080-exec-5] ApiController - GET /userId/listtodos
[INFO ] 2021-12-28 00:09:55.661 [http-nio-8080-exec-5] ApiController - 	userId: 1
[INFO ] 2021-12-28 00:09:55.661 [http-nio-8080-exec-5] ApiController - ******************************************
[INFO ] 2021-12-28 00:09:55.661 [http-nio-8080-exec-5] ApiController - 
[INFO ] 2021-12-28 00:10:50.212 [restartedMain] OnlineTodoAppApplication - Starting OnlineTodoAppApplication on LAPTOP-V45RREG4 with PID 17632 (C:\Users\Tamilarasi\Documents\PrabaWorkspace\online-todo-application\target\classes started by Tamilarasi in C:\Users\Tamilarasi\Documents\PrabaWorkspace\online-todo-application)
[INFO ] 2021-12-28 00:10:50.212 [restartedMain] OnlineTodoAppApplication - No active profile set, falling back to default profiles: default
[INFO ] 2021-12-28 00:10:51.746 [restartedMain] OnlineTodoAppApplication - Started OnlineTodoAppApplication in 1.584 seconds (JVM running for 194.825)
[INFO ] 2021-12-28 00:11:21.895 [restartedMain] OnlineTodoAppApplication - Starting OnlineTodoAppApplication on LAPTOP-V45RREG4 with PID 17632 (C:\Users\Tamilarasi\Documents\PrabaWorkspace\online-todo-application\target\classes started by Tamilarasi in C:\Users\Tamilarasi\Documents\PrabaWorkspace\online-todo-application)
[INFO ] 2021-12-28 00:11:21.895 [restartedMain] OnlineTodoAppApplication - No active profile set, falling back to default profiles: default
[INFO ] 2021-12-28 00:11:23.361 [restartedMain] OnlineTodoAppApplication - Started OnlineTodoAppApplication in 1.521 seconds (JVM running for 226.435)
[INFO ] 2021-12-28 00:12:02.728 [restartedMain] OnlineTodoAppApplication - Starting OnlineTodoAppApplication on LAPTOP-V45RREG4 with PID 17632 (C:\Users\Tamilarasi\Documents\PrabaWorkspace\online-todo-application\target\classes started by Tamilarasi in C:\Users\Tamilarasi\Documents\PrabaWorkspace\online-todo-application)
[INFO ] 2021-12-28 00:12:02.729 [restartedMain] OnlineTodoAppApplication - No active profile set, falling back to default profiles: default
[INFO ] 2021-12-28 00:12:04.197 [restartedMain] OnlineTodoAppApplication - Started OnlineTodoAppApplication in 1.536 seconds (JVM running for 267.27)
[INFO ] 2021-12-28 00:12:15.629 [restartedMain] OnlineTodoAppApplication - Starting OnlineTodoAppApplication on LAPTOP-V45RREG4 with PID 17280 (C:\Users\Tamilarasi\Documents\PrabaWorkspace\online-todo-application\target\classes started by Tamilarasi in C:\Users\Tamilarasi\Documents\PrabaWorkspace\online-todo-application)
[INFO ] 2021-12-28 00:12:15.629 [restartedMain] OnlineTodoAppApplication - No active profile set, falling back to default profiles: default
[INFO ] 2021-12-28 00:12:22.472 [restartedMain] OnlineTodoAppApplication - Started OnlineTodoAppApplication in 7.722 seconds (JVM running for 8.728)
[INFO ] 2021-12-28 00:13:08.633 [http-nio-8080-exec-7] ApiController - 
[INFO ] 2021-12-28 00:13:08.633 [http-nio-8080-exec-7] ApiController - *******************************************
[INFO ] 2021-12-28 00:13:08.633 [http-nio-8080-exec-7] ApiController - GET /userId/listtodos
[INFO ] 2021-12-28 00:13:08.633 [http-nio-8080-exec-7] ApiController - 	userId: 1
[INFO ] 2021-12-28 00:13:08.633 [http-nio-8080-exec-7] ApiController - ******************************************
[INFO ] 2021-12-28 00:13:08.633 [http-nio-8080-exec-7] ApiController - 
[INFO ] 2021-12-28 00:13:27.117 [http-nio-8080-exec-9] ApiController - 
[INFO ] 2021-12-28 00:13:27.118 [http-nio-8080-exec-9] ApiController - *******************************************
[INFO ] 2021-12-28 00:13:27.118 [http-nio-8080-exec-9] ApiController - GET /userId/listtodos
[INFO ] 2021-12-28 00:13:27.118 [http-nio-8080-exec-9] ApiController - 	userId: 1
[INFO ] 2021-12-28 00:13:27.118 [http-nio-8080-exec-9] ApiController - ******************************************
[INFO ] 2021-12-28 00:13:27.118 [http-nio-8080-exec-9] ApiController - 
[INFO ] 2021-12-28 00:13:44.312 [http-nio-8080-exec-1] ApiController - 
[INFO ] 2021-12-28 00:13:44.312 [http-nio-8080-exec-1] ApiController - *******************************************
[INFO ] 2021-12-28 00:13:44.313 [http-nio-8080-exec-1] ApiController - GET /userId/listtodos
[INFO ] 2021-12-28 00:13:44.313 [http-nio-8080-exec-1] ApiController - 	userId: 1
[INFO ] 2021-12-28 00:13:44.313 [http-nio-8080-exec-1] ApiController - ******************************************
[INFO ] 2021-12-28 00:13:44.313 [http-nio-8080-exec-1] ApiController - 
[INFO ] 2021-12-28 00:13:59.674 [restartedMain] OnlineTodoAppApplication - Starting OnlineTodoAppApplication on LAPTOP-V45RREG4 with PID 17280 (C:\Users\Tamilarasi\Documents\PrabaWorkspace\online-todo-application\target\classes started by Tamilarasi in C:\Users\Tamilarasi\Documents\PrabaWorkspace\online-todo-application)
[INFO ] 2021-12-28 00:13:59.675 [restartedMain] OnlineTodoAppApplication - No active profile set, falling back to default profiles: default
[INFO ] 2021-12-28 00:14:01.396 [restartedMain] OnlineTodoAppApplication - Started OnlineTodoAppApplication in 1.787 seconds (JVM running for 107.653)
[INFO ] 2021-12-28 00:15:13.854 [restartedMain] OnlineTodoAppApplication - Starting OnlineTodoAppApplication on LAPTOP-V45RREG4 with PID 17280 (C:\Users\Tamilarasi\Documents\PrabaWorkspace\online-todo-application\target\classes started by Tamilarasi in C:\Users\Tamilarasi\Documents\PrabaWorkspace\online-todo-application)
[INFO ] 2021-12-28 00:15:13.854 [restartedMain] OnlineTodoAppApplication - No active profile set, falling back to default profiles: default
[INFO ] 2021-12-28 00:15:15.414 [restartedMain] OnlineTodoAppApplication - Started OnlineTodoAppApplication in 1.616 seconds (JVM running for 181.67)
[INFO ] 2021-12-28 00:15:19.743 [restartedMain] OnlineTodoAppApplication - Starting OnlineTodoAppApplication on LAPTOP-V45RREG4 with PID 17280 (C:\Users\Tamilarasi\Documents\PrabaWorkspace\online-todo-application\target\classes started by Tamilarasi in C:\Users\Tamilarasi\Documents\PrabaWorkspace\online-todo-application)
[INFO ] 2021-12-28 00:15:19.743 [restartedMain] OnlineTodoAppApplication - No active profile set, falling back to default profiles: default
[INFO ] 2021-12-28 00:15:21.343 [restartedMain] OnlineTodoAppApplication - Started OnlineTodoAppApplication in 1.679 seconds (JVM running for 187.6)
[INFO ] 2021-12-28 00:15:37.815 [restartedMain] OnlineTodoAppApplication - Starting OnlineTodoAppApplication on LAPTOP-V45RREG4 with PID 17280 (C:\Users\Tamilarasi\Documents\PrabaWorkspace\online-todo-application\target\classes started by Tamilarasi in C:\Users\Tamilarasi\Documents\PrabaWorkspace\online-todo-application)
[INFO ] 2021-12-28 00:15:37.815 [restartedMain] OnlineTodoAppApplication - No active profile set, falling back to default profiles: default
[INFO ] 2021-12-28 00:15:39.261 [restartedMain] OnlineTodoAppApplication - Started OnlineTodoAppApplication in 1.5 seconds (JVM running for 205.525)
[INFO ] 2021-12-28 00:15:45.391 [restartedMain] OnlineTodoAppApplication - Starting OnlineTodoAppApplication on LAPTOP-V45RREG4 with PID 17280 (C:\Users\Tamilarasi\Documents\PrabaWorkspace\online-todo-application\target\classes started by Tamilarasi in C:\Users\Tamilarasi\Documents\PrabaWorkspace\online-todo-application)
[INFO ] 2021-12-28 00:15:45.391 [restartedMain] OnlineTodoAppApplication - No active profile set, falling back to default profiles: default
[INFO ] 2021-12-28 00:15:46.894 [restartedMain] OnlineTodoAppApplication - Started OnlineTodoAppApplication in 1.551 seconds (JVM running for 213.161)
[INFO ] 2021-12-28 00:20:09.634 [restartedMain] OnlineTodoAppApplication - Starting OnlineTodoAppApplication on LAPTOP-V45RREG4 with PID 6432 (C:\Users\Tamilarasi\Documents\PrabaWorkspace\online-todo-application\target\classes started by Tamilarasi in C:\Users\Tamilarasi\Documents\PrabaWorkspace\online-todo-application)
[INFO ] 2021-12-28 00:20:09.640 [restartedMain] OnlineTodoAppApplication - No active profile set, falling back to default profiles: default
[INFO ] 2021-12-28 00:20:16.262 [restartedMain] OnlineTodoAppApplication - Started OnlineTodoAppApplication in 7.539 seconds (JVM running for 8.578)
[INFO ] 2021-12-28 00:22:22.517 [http-nio-8080-exec-8] ApiController - 
[INFO ] 2021-12-28 00:22:22.517 [http-nio-8080-exec-8] ApiController - *******************************************
[INFO ] 2021-12-28 00:22:22.518 [http-nio-8080-exec-8] ApiController - POST /userId/addtodos
[INFO ] 2021-12-28 00:22:22.518 [http-nio-8080-exec-8] ApiController - 	userId: 1
[INFO ] 2021-12-28 00:22:22.518 [http-nio-8080-exec-8] ApiController - 	todo: TodoDto [title=asdfasfd, description=asfdasdf, status=In Progress, targetDate=2021-12-29, lastUpdatedDate=]
[INFO ] 2021-12-28 00:22:22.518 [http-nio-8080-exec-8] ApiController - ******************************************
[INFO ] 2021-12-28 00:22:22.518 [http-nio-8080-exec-8] ApiController - 
[INFO ] 2021-12-28 00:22:22.580 [http-nio-8080-exec-1] ApiController - 
[INFO ] 2021-12-28 00:22:22.580 [http-nio-8080-exec-1] ApiController - *******************************************
[INFO ] 2021-12-28 00:22:22.580 [http-nio-8080-exec-1] ApiController - GET /userId/listtodos
[INFO ] 2021-12-28 00:22:22.580 [http-nio-8080-exec-1] ApiController - 	userId: 1
[INFO ] 2021-12-28 00:22:22.580 [http-nio-8080-exec-1] ApiController - ******************************************
[INFO ] 2021-12-28 00:22:22.580 [http-nio-8080-exec-1] ApiController - 
[INFO ] 2021-12-28 00:26:31.757 [restartedMain] OnlineTodoAppApplication - Starting OnlineTodoAppApplication on LAPTOP-V45RREG4 with PID 6432 (C:\Users\Tamilarasi\Documents\PrabaWorkspace\online-todo-application\target\classes started by Tamilarasi in C:\Users\Tamilarasi\Documents\PrabaWorkspace\online-todo-application)
[INFO ] 2021-12-28 00:26:31.757 [restartedMain] OnlineTodoAppApplication - No active profile set, falling back to default profiles: default
[INFO ] 2021-12-28 00:26:33.295 [restartedMain] OnlineTodoAppApplication - Started OnlineTodoAppApplication in 1.607 seconds (JVM running for 385.612)
[INFO ] 2021-12-28 00:27:53.152 [restartedMain] OnlineTodoAppApplication - Starting OnlineTodoAppApplication on LAPTOP-V45RREG4 with PID 6432 (C:\Users\Tamilarasi\Documents\PrabaWorkspace\online-todo-application\target\classes started by Tamilarasi in C:\Users\Tamilarasi\Documents\PrabaWorkspace\online-todo-application)
[INFO ] 2021-12-28 00:27:53.152 [restartedMain] OnlineTodoAppApplication - No active profile set, falling back to default profiles: default
[INFO ] 2021-12-28 00:27:54.604 [restartedMain] OnlineTodoAppApplication - Started OnlineTodoAppApplication in 1.515 seconds (JVM running for 466.922)
[INFO ] 2021-12-28 00:38:24.696 [restartedMain] OnlineTodoAppApplication - Starting OnlineTodoAppApplication on LAPTOP-V45RREG4 with PID 6432 (C:\Users\Tamilarasi\Documents\PrabaWorkspace\online-todo-application\target\classes started by Tamilarasi in C:\Users\Tamilarasi\Documents\PrabaWorkspace\online-todo-application)
[INFO ] 2021-12-28 00:38:24.696 [restartedMain] OnlineTodoAppApplication - No active profile set, falling back to default profiles: default
[INFO ] 2021-12-28 00:38:26.263 [restartedMain] OnlineTodoAppApplication - Started OnlineTodoAppApplication in 1.633 seconds (JVM running for 1098.584)
[INFO ] 2021-12-28 00:38:46.046 [restartedMain] OnlineTodoAppApplication - Starting OnlineTodoAppApplication on LAPTOP-V45RREG4 with PID 6432 (C:\Users\Tamilarasi\Documents\PrabaWorkspace\online-todo-application\target\classes started by Tamilarasi in C:\Users\Tamilarasi\Documents\PrabaWorkspace\online-todo-application)
[INFO ] 2021-12-28 00:38:46.047 [restartedMain] OnlineTodoAppApplication - No active profile set, falling back to default profiles: default
[INFO ] 2021-12-28 00:38:47.729 [restartedMain] OnlineTodoAppApplication - Started OnlineTodoAppApplication in 1.734 seconds (JVM running for 1120.056)
[INFO ] 2021-12-28 00:38:55.047 [restartedMain] OnlineTodoAppApplication - Starting OnlineTodoAppApplication on LAPTOP-V45RREG4 with PID 6432 (C:\Users\Tamilarasi\Documents\PrabaWorkspace\online-todo-application\target\classes started by Tamilarasi in C:\Users\Tamilarasi\Documents\PrabaWorkspace\online-todo-application)
[INFO ] 2021-12-28 00:38:55.047 [restartedMain] OnlineTodoAppApplication - No active profile set, falling back to default profiles: default
[INFO ] 2021-12-28 00:38:56.442 [restartedMain] OnlineTodoAppApplication - Started OnlineTodoAppApplication in 1.479 seconds (JVM running for 1128.758)
[INFO ] 2021-12-28 00:39:48.406 [restartedMain] OnlineTodoAppApplication - Starting OnlineTodoAppApplication on LAPTOP-V45RREG4 with PID 6432 (C:\Users\Tamilarasi\Documents\PrabaWorkspace\online-todo-application\target\classes started by Tamilarasi in C:\Users\Tamilarasi\Documents\PrabaWorkspace\online-todo-application)
[INFO ] 2021-12-28 00:39:48.406 [restartedMain] OnlineTodoAppApplication - No active profile set, falling back to default profiles: default
[INFO ] 2021-12-28 00:39:49.932 [restartedMain] OnlineTodoAppApplication - Started OnlineTodoAppApplication in 1.573 seconds (JVM running for 1182.249)
[INFO ] 2021-12-28 00:40:13.624 [restartedMain] OnlineTodoAppApplication - Starting OnlineTodoAppApplication on LAPTOP-V45RREG4 with PID 6432 (C:\Users\Tamilarasi\Documents\PrabaWorkspace\online-todo-application\target\classes started by Tamilarasi in C:\Users\Tamilarasi\Documents\PrabaWorkspace\online-todo-application)
[INFO ] 2021-12-28 00:40:13.624 [restartedMain] OnlineTodoAppApplication - No active profile set, falling back to default profiles: default
[INFO ] 2021-12-28 00:40:15.029 [restartedMain] OnlineTodoAppApplication - Started OnlineTodoAppApplication in 1.465 seconds (JVM running for 1207.346)
[INFO ] 2021-12-28 00:40:25.362 [restartedMain] OnlineTodoAppApplication - Starting OnlineTodoAppApplication on LAPTOP-V45RREG4 with PID 6432 (C:\Users\Tamilarasi\Documents\PrabaWorkspace\online-todo-application\target\classes started by Tamilarasi in C:\Users\Tamilarasi\Documents\PrabaWorkspace\online-todo-application)
[INFO ] 2021-12-28 00:40:25.362 [restartedMain] OnlineTodoAppApplication - No active profile set, falling back to default profiles: default
[INFO ] 2021-12-28 00:40:26.905 [restartedMain] OnlineTodoAppApplication - Started OnlineTodoAppApplication in 1.594 seconds (JVM running for 1219.222)
[INFO ] 2021-12-28 00:40:43.479 [restartedMain] OnlineTodoAppApplication - Starting OnlineTodoAppApplication on LAPTOP-V45RREG4 with PID 6432 (C:\Users\Tamilarasi\Documents\PrabaWorkspace\online-todo-application\target\classes started by Tamilarasi in C:\Users\Tamilarasi\Documents\PrabaWorkspace\online-todo-application)
[INFO ] 2021-12-28 00:40:43.479 [restartedMain] OnlineTodoAppApplication - No active profile set, falling back to default profiles: default
[INFO ] 2021-12-28 00:40:44.901 [restartedMain] OnlineTodoAppApplication - Started OnlineTodoAppApplication in 1.454 seconds (JVM running for 1237.214)
[INFO ] 2021-12-28 00:41:05.745 [restartedMain] OnlineTodoAppApplication - Starting OnlineTodoAppApplication on LAPTOP-V45RREG4 with PID 6432 (C:\Users\Tamilarasi\Documents\PrabaWorkspace\online-todo-application\target\classes started by Tamilarasi in C:\Users\Tamilarasi\Documents\PrabaWorkspace\online-todo-application)
[INFO ] 2021-12-28 00:41:05.745 [restartedMain] OnlineTodoAppApplication - No active profile set, falling back to default profiles: default
[INFO ] 2021-12-28 00:41:07.339 [restartedMain] OnlineTodoAppApplication - Started OnlineTodoAppApplication in 1.66 seconds (JVM running for 1259.656)
[INFO ] 2021-12-28 00:41:22.907 [restartedMain] OnlineTodoAppApplication - Starting OnlineTodoAppApplication on LAPTOP-V45RREG4 with PID 6432 (C:\Users\Tamilarasi\Documents\PrabaWorkspace\online-todo-application\target\classes started by Tamilarasi in C:\Users\Tamilarasi\Documents\PrabaWorkspace\online-todo-application)
[INFO ] 2021-12-28 00:41:22.907 [restartedMain] OnlineTodoAppApplication - No active profile set, falling back to default profiles: default
[INFO ] 2021-12-28 00:41:24.228 [restartedMain] OnlineTodoAppApplication - Started OnlineTodoAppApplication in 1.368 seconds (JVM running for 1276.548)
[INFO ] 2021-12-28 00:41:29.377 [restartedMain] OnlineTodoAppApplication - Starting OnlineTodoAppApplication on LAPTOP-V45RREG4 with PID 6432 (C:\Users\Tamilarasi\Documents\PrabaWorkspace\online-todo-application\target\classes started by Tamilarasi in C:\Users\Tamilarasi\Documents\PrabaWorkspace\online-todo-application)
[INFO ] 2021-12-28 00:41:29.377 [restartedMain] OnlineTodoAppApplication - No active profile set, falling back to default profiles: default
[INFO ] 2021-12-28 00:41:30.739 [restartedMain] OnlineTodoAppApplication - Started OnlineTodoAppApplication in 1.395 seconds (JVM running for 1283.056)
[INFO ] 2021-12-28 00:41:34.864 [restartedMain] OnlineTodoAppApplication - Starting OnlineTodoAppApplication on LAPTOP-V45RREG4 with PID 6432 (C:\Users\Tamilarasi\Documents\PrabaWorkspace\online-todo-application\target\classes started by Tamilarasi in C:\Users\Tamilarasi\Documents\PrabaWorkspace\online-todo-application)
[INFO ] 2021-12-28 00:41:34.864 [restartedMain] OnlineTodoAppApplication - No active profile set, falling back to default profiles: default
[INFO ] 2021-12-28 00:41:36.201 [restartedMain] OnlineTodoAppApplication - Started OnlineTodoAppApplication in 1.389 seconds (JVM running for 1288.518)
[INFO ] 2021-12-28 00:42:28.456 [main] ApplicationTests - Starting ApplicationTests on LAPTOP-V45RREG4 with PID 6784 (started by Tamilarasi in C:\Users\Tamilarasi\Documents\PrabaWorkspace\online-todo-application)
[INFO ] 2021-12-28 00:42:28.465 [main] ApplicationTests - No active profile set, falling back to default profiles: default
[INFO ] 2021-12-28 00:42:40.057 [main] ApplicationTests - Started ApplicationTests in 13.123 seconds (JVM running for 14.453)
[INFO ] 2021-12-28 00:43:04.276 [restartedMain] OnlineTodoAppApplication - Starting OnlineTodoAppApplication on LAPTOP-V45RREG4 with PID 6816 (C:\Users\Tamilarasi\Documents\PrabaWorkspace\online-todo-application\target\classes started by Tamilarasi in C:\Users\Tamilarasi\Documents\PrabaWorkspace\online-todo-application)
[INFO ] 2021-12-28 00:43:04.282 [restartedMain] OnlineTodoAppApplication - No active profile set, falling back to default profiles: default
[INFO ] 2021-12-28 00:43:10.364 [restartedMain] OnlineTodoAppApplication - Started OnlineTodoAppApplication in 6.95 seconds (JVM running for 7.972)
[INFO ] 2021-12-28 00:44:58.587 [http-nio-8080-exec-7] ApiController - 
[INFO ] 2021-12-28 00:44:58.587 [http-nio-8080-exec-7] ApiController - *******************************************
[INFO ] 2021-12-28 00:44:58.587 [http-nio-8080-exec-7] ApiController - POST /userId/addtodos
[INFO ] 2021-12-28 00:44:58.587 [http-nio-8080-exec-7] ApiController - 	userId: 1
[INFO ] 2021-12-28 00:44:58.587 [http-nio-8080-exec-7] ApiController - 	todo: TodoDto [title=asdfsadfasdf, description=asfdsadfsafd, status=In Progress, targetDate=2021-12-29, lastUpdatedDate=]
[INFO ] 2021-12-28 00:44:58.587 [http-nio-8080-exec-7] ApiController - ******************************************
[INFO ] 2021-12-28 00:44:58.587 [http-nio-8080-exec-7] ApiController - 
[INFO ] 2021-12-28 00:44:58.614 [http-nio-8080-exec-1] ApiController - 
[INFO ] 2021-12-28 00:44:58.614 [http-nio-8080-exec-1] ApiController - *******************************************
[INFO ] 2021-12-28 00:44:58.614 [http-nio-8080-exec-1] ApiController - GET /userId/listtodos
[INFO ] 2021-12-28 00:44:58.614 [http-nio-8080-exec-1] ApiController - 	userId: 1
[INFO ] 2021-12-28 00:44:58.614 [http-nio-8080-exec-1] ApiController - ******************************************
[INFO ] 2021-12-28 00:44:58.614 [http-nio-8080-exec-1] ApiController - 
[INFO ] 2021-12-28 00:45:10.083 [http-nio-8080-exec-2] ApiController - 
[INFO ] 2021-12-28 00:45:10.083 [http-nio-8080-exec-2] ApiController - *******************************************
[INFO ] 2021-12-28 00:45:10.083 [http-nio-8080-exec-2] ApiController - POST /userId/addtodos
[INFO ] 2021-12-28 00:45:10.083 [http-nio-8080-exec-2] ApiController - 	userId: 1
[INFO ] 2021-12-28 00:45:10.083 [http-nio-8080-exec-2] ApiController - 	todo: TodoDto [title=asdfasfd, description=asdfasfdsafd, status=In Progress, targetDate=2021-12-30, lastUpdatedDate=]
[INFO ] 2021-12-28 00:45:10.083 [http-nio-8080-exec-2] ApiController - ******************************************
[INFO ] 2021-12-28 00:45:10.083 [http-nio-8080-exec-2] ApiController - 
[INFO ] 2021-12-28 00:45:10.104 [http-nio-8080-exec-3] ApiController - 
[INFO ] 2021-12-28 00:45:10.104 [http-nio-8080-exec-3] ApiController - *******************************************
[INFO ] 2021-12-28 00:45:10.104 [http-nio-8080-exec-3] ApiController - GET /userId/listtodos
[INFO ] 2021-12-28 00:45:10.105 [http-nio-8080-exec-3] ApiController - 	userId: 1
[INFO ] 2021-12-28 00:45:10.105 [http-nio-8080-exec-3] ApiController - ******************************************
[INFO ] 2021-12-28 00:45:10.105 [http-nio-8080-exec-3] ApiController - 
[INFO ] 2021-12-28 00:45:23.449 [http-nio-8080-exec-9] ApiController - 
[INFO ] 2021-12-28 00:45:23.449 [http-nio-8080-exec-9] ApiController - *******************************************
[INFO ] 2021-12-28 00:45:23.449 [http-nio-8080-exec-9] ApiController - GET /userId/deletetodos/todoId
[INFO ] 2021-12-28 00:45:23.449 [http-nio-8080-exec-9] ApiController - 	userId: 1
[INFO ] 2021-12-28 00:45:23.449 [http-nio-8080-exec-9] ApiController - ******************************************
[INFO ] 2021-12-28 00:45:23.450 [http-nio-8080-exec-9] ApiController - 
[INFO ] 2021-12-28 00:45:23.469 [http-nio-8080-exec-8] ApiController - 
[INFO ] 2021-12-28 00:45:23.469 [http-nio-8080-exec-8] ApiController - *******************************************
[INFO ] 2021-12-28 00:45:23.469 [http-nio-8080-exec-8] ApiController - GET /userId/listtodos
[INFO ] 2021-12-28 00:45:23.469 [http-nio-8080-exec-8] ApiController - 	userId: 1
[INFO ] 2021-12-28 00:45:23.469 [http-nio-8080-exec-8] ApiController - ******************************************
[INFO ] 2021-12-28 00:45:23.469 [http-nio-8080-exec-8] ApiController - 
[INFO ] 2021-12-28 00:45:57.792 [restartedMain] OnlineTodoAppApplication - Starting OnlineTodoAppApplication on LAPTOP-V45RREG4 with PID 6816 (C:\Users\Tamilarasi\Documents\PrabaWorkspace\online-todo-application\target\classes started by Tamilarasi in C:\Users\Tamilarasi\Documents\PrabaWorkspace\online-todo-application)
[INFO ] 2021-12-28 00:45:57.792 [restartedMain] OnlineTodoAppApplication - No active profile set, falling back to default profiles: default
[INFO ] 2021-12-28 00:45:59.641 [restartedMain] OnlineTodoAppApplication - Started OnlineTodoAppApplication in 1.992 seconds (JVM running for 177.248)
[INFO ] 2021-12-28 00:46:07.972 [restartedMain] OnlineTodoAppApplication - Starting OnlineTodoAppApplication on LAPTOP-V45RREG4 with PID 6816 (C:\Users\Tamilarasi\Documents\PrabaWorkspace\online-todo-application\target\classes started by Tamilarasi in C:\Users\Tamilarasi\Documents\PrabaWorkspace\online-todo-application)
[INFO ] 2021-12-28 00:46:07.972 [restartedMain] OnlineTodoAppApplication - No active profile set, falling back to default profiles: default
[INFO ] 2021-12-28 00:46:09.580 [restartedMain] OnlineTodoAppApplication - Started OnlineTodoAppApplication in 1.681 seconds (JVM running for 187.187)
[INFO ] 2021-12-28 00:46:22.673 [restartedMain] OnlineTodoAppApplication - Starting OnlineTodoAppApplication on LAPTOP-V45RREG4 with PID 18292 (C:\Users\Tamilarasi\Documents\PrabaWorkspace\online-todo-application\target\classes started by Tamilarasi in C:\Users\Tamilarasi\Documents\PrabaWorkspace\online-todo-application)
[INFO ] 2021-12-28 00:46:22.680 [restartedMain] OnlineTodoAppApplication - No active profile set, falling back to default profiles: default
[INFO ] 2021-12-28 00:46:29.229 [restartedMain] OnlineTodoAppApplication - Started OnlineTodoAppApplication in 7.416 seconds (JVM running for 8.426)
[INFO ] 2021-12-28 00:49:37.601 [restartedMain] OnlineTodoAppApplication - Starting OnlineTodoAppApplication on LAPTOP-V45RREG4 with PID 18292 (C:\Users\Tamilarasi\Documents\PrabaWorkspace\online-todo-application\target\classes started by Tamilarasi in C:\Users\Tamilarasi\Documents\PrabaWorkspace\online-todo-application)
[INFO ] 2021-12-28 00:49:37.602 [restartedMain] OnlineTodoAppApplication - No active profile set, falling back to default profiles: default
[INFO ] 2021-12-28 00:49:39.259 [restartedMain] OnlineTodoAppApplication - Started OnlineTodoAppApplication in 1.718 seconds (JVM running for 198.456)
[INFO ] 2021-12-28 00:49:42.339 [restartedMain] OnlineTodoAppApplication - Starting OnlineTodoAppApplication on LAPTOP-V45RREG4 with PID 18292 (C:\Users\Tamilarasi\Documents\PrabaWorkspace\online-todo-application\target\classes started by Tamilarasi in C:\Users\Tamilarasi\Documents\PrabaWorkspace\online-todo-application)
[INFO ] 2021-12-28 00:49:42.339 [restartedMain] OnlineTodoAppApplication - No active profile set, falling back to default profiles: default
[INFO ] 2021-12-28 00:49:43.925 [restartedMain] OnlineTodoAppApplication - Started OnlineTodoAppApplication in 1.631 seconds (JVM running for 203.122)
[INFO ] 2021-12-28 00:50:01.212 [restartedMain] OnlineTodoAppApplication - Starting OnlineTodoAppApplication on LAPTOP-V45RREG4 with PID 15124 (C:\Users\Tamilarasi\Documents\PrabaWorkspace\online-todo-application\target\classes started by Tamilarasi in C:\Users\Tamilarasi\Documents\PrabaWorkspace\online-todo-application)
[INFO ] 2021-12-28 00:50:01.218 [restartedMain] OnlineTodoAppApplication - No active profile set, falling back to default profiles: default
[INFO ] 2021-12-28 00:50:07.324 [restartedMain] OnlineTodoAppApplication - Started OnlineTodoAppApplication in 6.986 seconds (JVM running for 8.006)
[INFO ] 2021-12-28 00:51:55.255 [restartedMain] OnlineTodoAppApplication - Starting OnlineTodoAppApplication on LAPTOP-V45RREG4 with PID 15124 (C:\Users\Tamilarasi\Documents\PrabaWorkspace\online-todo-application\target\classes started by Tamilarasi in C:\Users\Tamilarasi\Documents\PrabaWorkspace\online-todo-application)
[INFO ] 2021-12-28 00:51:55.255 [restartedMain] OnlineTodoAppApplication - No active profile set, falling back to default profiles: default
[INFO ] 2021-12-28 00:51:56.919 [restartedMain] OnlineTodoAppApplication - Started OnlineTodoAppApplication in 1.723 seconds (JVM running for 117.615)
[INFO ] 2021-12-28 00:52:12.909 [restartedMain] OnlineTodoAppApplication - Starting OnlineTodoAppApplication on LAPTOP-V45RREG4 with PID 19800 (C:\Users\Tamilarasi\Documents\PrabaWorkspace\online-todo-application\target\classes started by Tamilarasi in C:\Users\Tamilarasi\Documents\PrabaWorkspace\online-todo-application)
[INFO ] 2021-12-28 00:52:12.915 [restartedMain] OnlineTodoAppApplication - No active profile set, falling back to default profiles: default
[INFO ] 2021-12-28 00:52:19.886 [restartedMain] OnlineTodoAppApplication - Started OnlineTodoAppApplication in 7.979 seconds (JVM running for 9.359)
[INFO ] 2021-12-28 00:53:23.121 [restartedMain] OnlineTodoAppApplication - Starting OnlineTodoAppApplication on LAPTOP-V45RREG4 with PID 19800 (C:\Users\Tamilarasi\Documents\PrabaWorkspace\online-todo-application\target\classes started by Tamilarasi in C:\Users\Tamilarasi\Documents\PrabaWorkspace\online-todo-application)
[INFO ] 2021-12-28 00:53:23.136 [restartedMain] OnlineTodoAppApplication - No active profile set, falling back to default profiles: default
[INFO ] 2021-12-28 00:53:26.904 [restartedMain] OnlineTodoAppApplication - Started OnlineTodoAppApplication in 4.266 seconds (JVM running for 76.393)
[INFO ] 2021-12-28 00:53:59.382 [restartedMain] OnlineTodoAppApplication - Starting OnlineTodoAppApplication on LAPTOP-V45RREG4 with PID 19800 (C:\Users\Tamilarasi\Documents\PrabaWorkspace\online-todo-application\target\classes started by Tamilarasi in C:\Users\Tamilarasi\Documents\PrabaWorkspace\online-todo-application)
[INFO ] 2021-12-28 00:53:59.383 [restartedMain] OnlineTodoAppApplication - No active profile set, falling back to default profiles: default
[INFO ] 2021-12-28 00:54:01.155 [restartedMain] OnlineTodoAppApplication - Started OnlineTodoAppApplication in 1.861 seconds (JVM running for 110.628)
[INFO ] 2021-12-28 00:54:10.543 [restartedMain] OnlineTodoAppApplication - Starting OnlineTodoAppApplication on LAPTOP-V45RREG4 with PID 19800 (C:\Users\Tamilarasi\Documents\PrabaWorkspace\online-todo-application\target\classes started by Tamilarasi in C:\Users\Tamilarasi\Documents\PrabaWorkspace\online-todo-application)
[INFO ] 2021-12-28 00:54:10.543 [restartedMain] OnlineTodoAppApplication - No active profile set, falling back to default profiles: default
[INFO ] 2021-12-28 00:54:12.375 [restartedMain] OnlineTodoAppApplication - Started OnlineTodoAppApplication in 1.984 seconds (JVM running for 121.849)
[INFO ] 2021-12-28 00:56:37.931 [restartedMain] OnlineTodoAppApplication - Starting OnlineTodoAppApplication on LAPTOP-V45RREG4 with PID 19800 (C:\Users\Tamilarasi\Documents\PrabaWorkspace\online-todo-application\target\classes started by Tamilarasi in C:\Users\Tamilarasi\Documents\PrabaWorkspace\online-todo-application)
[INFO ] 2021-12-28 00:56:37.931 [restartedMain] OnlineTodoAppApplication - No active profile set, falling back to default profiles: default
[INFO ] 2021-12-28 00:57:25.530 [restartedMain] OnlineTodoAppApplication - Starting OnlineTodoAppApplication on LAPTOP-V45RREG4 with PID 19800 (C:\Users\Tamilarasi\Documents\PrabaWorkspace\online-todo-application\target\classes started by Tamilarasi in C:\Users\Tamilarasi\Documents\PrabaWorkspace\online-todo-application)
[INFO ] 2021-12-28 00:57:25.531 [restartedMain] OnlineTodoAppApplication - No active profile set, falling back to default profiles: default
[INFO ] 2021-12-28 00:57:27.085 [restartedMain] OnlineTodoAppApplication - Started OnlineTodoAppApplication in 1.7 seconds (JVM running for 316.558)
[INFO ] 2021-12-28 00:58:32.500 [restartedMain] OnlineTodoAppApplication - Starting OnlineTodoAppApplication on LAPTOP-V45RREG4 with PID 19800 (C:\Users\Tamilarasi\Documents\PrabaWorkspace\online-todo-application\target\classes started by Tamilarasi in C:\Users\Tamilarasi\Documents\PrabaWorkspace\online-todo-application)
[INFO ] 2021-12-28 00:58:32.500 [restartedMain] OnlineTodoAppApplication - No active profile set, falling back to default profiles: default
[INFO ] 2021-12-28 00:58:34.017 [restartedMain] OnlineTodoAppApplication - Started OnlineTodoAppApplication in 1.567 seconds (JVM running for 383.49)
[INFO ] 2021-12-28 00:59:01.052 [restartedMain] OnlineTodoAppApplication - Starting OnlineTodoAppApplication on LAPTOP-V45RREG4 with PID 19800 (C:\Users\Tamilarasi\Documents\PrabaWorkspace\online-todo-application\target\classes started by Tamilarasi in C:\Users\Tamilarasi\Documents\PrabaWorkspace\online-todo-application)
[INFO ] 2021-12-28 00:59:01.052 [restartedMain] OnlineTodoAppApplication - No active profile set, falling back to default profiles: default
[INFO ] 2021-12-28 00:59:02.548 [restartedMain] OnlineTodoAppApplication - Started OnlineTodoAppApplication in 1.547 seconds (JVM running for 412.021)
[INFO ] 2021-12-28 00:59:08.784 [restartedMain] OnlineTodoAppApplication - Starting OnlineTodoAppApplication on LAPTOP-V45RREG4 with PID 19800 (C:\Users\Tamilarasi\Documents\PrabaWorkspace\online-todo-application\target\classes started by Tamilarasi in C:\Users\Tamilarasi\Documents\PrabaWorkspace\online-todo-application)
[INFO ] 2021-12-28 00:59:08.784 [restartedMain] OnlineTodoAppApplication - No active profile set, falling back to default profiles: default
[INFO ] 2021-12-28 00:59:10.117 [restartedMain] OnlineTodoAppApplication - Started OnlineTodoAppApplication in 1.384 seconds (JVM running for 419.605)
[INFO ] 2021-12-28 01:01:26.596 [restartedMain] OnlineTodoAppApplication - Starting OnlineTodoAppApplication on LAPTOP-V45RREG4 with PID 19800 (C:\Users\Tamilarasi\Documents\PrabaWorkspace\online-todo-application\target\classes started by Tamilarasi in C:\Users\Tamilarasi\Documents\PrabaWorkspace\online-todo-application)
[INFO ] 2021-12-28 01:01:26.596 [restartedMain] OnlineTodoAppApplication - No active profile set, falling back to default profiles: default
[INFO ] 2021-12-28 01:01:28.016 [restartedMain] OnlineTodoAppApplication - Started OnlineTodoAppApplication in 1.471 seconds (JVM running for 557.5)
[INFO ] 2021-12-28 01:03:44.917 [main] ApplicationTests - Starting ApplicationTests on LAPTOP-V45RREG4 with PID 16576 (started by Tamilarasi in C:\Users\Tamilarasi\Documents\PrabaWorkspace\online-todo-application)
[INFO ] 2021-12-28 01:03:44.929 [main] ApplicationTests - No active profile set, falling back to default profiles: default
[INFO ] 2021-12-28 01:03:58.222 [main] ApplicationTests - Started ApplicationTests in 14.923 seconds (JVM running for 16.413)
[INFO ] 2021-12-28 01:04:18.049 [restartedMain] OnlineTodoAppApplication - Starting OnlineTodoAppApplication on LAPTOP-V45RREG4 with PID 14596 (C:\Users\Tamilarasi\Documents\PrabaWorkspace\online-todo-application\target\classes started by Tamilarasi in C:\Users\Tamilarasi\Documents\PrabaWorkspace\online-todo-application)
[INFO ] 2021-12-28 01:04:18.057 [restartedMain] OnlineTodoAppApplication - No active profile set, falling back to default profiles: default
[INFO ] 2021-12-28 01:04:24.787 [restartedMain] OnlineTodoAppApplication - Started OnlineTodoAppApplication in 7.829 seconds (JVM running for 8.914)
[ERROR] 2021-12-28 01:04:54.192 [http-nio-8080-exec-9] UserServiceImpl - Invalid username or password.
[INFO ] 2021-12-28 01:05:14.917 [restartedMain] OnlineTodoAppApplication - Starting OnlineTodoAppApplication on LAPTOP-V45RREG4 with PID 14596 (C:\Users\Tamilarasi\Documents\PrabaWorkspace\online-todo-application\target\classes started by Tamilarasi in C:\Users\Tamilarasi\Documents\PrabaWorkspace\online-todo-application)
[INFO ] 2021-12-28 01:05:14.918 [restartedMain] OnlineTodoAppApplication - No active profile set, falling back to default profiles: default
[INFO ] 2021-12-28 01:05:16.598 [restartedMain] OnlineTodoAppApplication - Started OnlineTodoAppApplication in 1.745 seconds (JVM running for 60.73)
[INFO ] 2021-12-28 01:06:37.464 [restartedMain] OnlineTodoAppApplication - Starting OnlineTodoAppApplication on LAPTOP-V45RREG4 with PID 14596 (C:\Users\Tamilarasi\Documents\PrabaWorkspace\online-todo-application\target\classes started by Tamilarasi in C:\Users\Tamilarasi\Documents\PrabaWorkspace\online-todo-application)
[INFO ] 2021-12-28 01:06:37.464 [restartedMain] OnlineTodoAppApplication - No active profile set, falling back to default profiles: default
[INFO ] 2021-12-28 01:06:38.918 [restartedMain] OnlineTodoAppApplication - Started OnlineTodoAppApplication in 1.523 seconds (JVM running for 143.044)
[INFO ] 2021-12-28 01:06:50.326 [restartedMain] OnlineTodoAppApplication - Starting OnlineTodoAppApplication on LAPTOP-V45RREG4 with PID 14596 (C:\Users\Tamilarasi\Documents\PrabaWorkspace\online-todo-application\target\classes started by Tamilarasi in C:\Users\Tamilarasi\Documents\PrabaWorkspace\online-todo-application)
[INFO ] 2021-12-28 01:06:50.326 [restartedMain] OnlineTodoAppApplication - No active profile set, falling back to default profiles: default
[INFO ] 2021-12-28 01:06:52.124 [restartedMain] OnlineTodoAppApplication - Started OnlineTodoAppApplication in 1.842 seconds (JVM running for 156.25)
[INFO ] 2021-12-28 01:07:23.622 [restartedMain] OnlineTodoAppApplication - Starting OnlineTodoAppApplication on LAPTOP-V45RREG4 with PID 20124 (C:\Users\Tamilarasi\Documents\PrabaWorkspace\online-todo-application\target\classes started by Tamilarasi in C:\Users\Tamilarasi\Documents\PrabaWorkspace\online-todo-application)
[INFO ] 2021-12-28 01:07:23.627 [restartedMain] OnlineTodoAppApplication - No active profile set, falling back to default profiles: default
[INFO ] 2021-12-28 01:07:49.512 [restartedMain] OnlineTodoAppApplication - Starting OnlineTodoAppApplication on LAPTOP-V45RREG4 with PID 12216 (C:\Users\Tamilarasi\Documents\PrabaWorkspace\online-todo-application\target\classes started by Tamilarasi in C:\Users\Tamilarasi\Documents\PrabaWorkspace\online-todo-application)
[INFO ] 2021-12-28 01:07:49.517 [restartedMain] OnlineTodoAppApplication - No active profile set, falling back to default profiles: default
[INFO ] 2021-12-28 01:07:55.875 [restartedMain] OnlineTodoAppApplication - Started OnlineTodoAppApplication in 7.345 seconds (JVM running for 8.893)
[INFO ] 2021-12-28 01:09:28.604 [http-nio-8080-exec-3] UserApiController - 
[INFO ] 2021-12-28 01:09:28.605 [http-nio-8080-exec-3] UserApiController - *******************************************
[INFO ] 2021-12-28 01:09:28.605 [http-nio-8080-exec-3] UserApiController - POST /userId/addtodos
[INFO ] 2021-12-28 01:09:28.605 [http-nio-8080-exec-3] UserApiController - 	userId: 1
[INFO ] 2021-12-28 01:09:28.605 [http-nio-8080-exec-3] UserApiController - 	todo: TodoDto [title=asdfasdf, description=asdfasdfsafd, status=In Progress, targetDate=2021-12-23, lastUpdatedDate=]
[INFO ] 2021-12-28 01:09:28.605 [http-nio-8080-exec-3] UserApiController - ******************************************
[INFO ] 2021-12-28 01:09:28.605 [http-nio-8080-exec-3] UserApiController - 
[INFO ] 2021-12-28 01:09:28.635 [http-nio-8080-exec-7] UserApiController - 
[INFO ] 2021-12-28 01:09:28.635 [http-nio-8080-exec-7] UserApiController - *******************************************
[INFO ] 2021-12-28 01:09:28.635 [http-nio-8080-exec-7] UserApiController - GET /userId/listtodos
[INFO ] 2021-12-28 01:09:28.635 [http-nio-8080-exec-7] UserApiController - 	userId: 1
[INFO ] 2021-12-28 01:09:28.635 [http-nio-8080-exec-7] UserApiController - ******************************************
[INFO ] 2021-12-28 01:09:28.635 [http-nio-8080-exec-7] UserApiController - 
[INFO ] 2021-12-28 01:09:38.806 [http-nio-8080-exec-1] UserApiController - 
[INFO ] 2021-12-28 01:09:38.807 [http-nio-8080-exec-1] UserApiController - *******************************************
[INFO ] 2021-12-28 01:09:38.807 [http-nio-8080-exec-1] UserApiController - POST /userId/addtodos
[INFO ] 2021-12-28 01:09:38.807 [http-nio-8080-exec-1] UserApiController - 	userId: 1
[INFO ] 2021-12-28 01:09:38.807 [http-nio-8080-exec-1] UserApiController - 	todo: TodoDto [title=tamil, description=tamil, status=In Progress, targetDate=2021-12-15, lastUpdatedDate=]
[INFO ] 2021-12-28 01:09:38.807 [http-nio-8080-exec-1] UserApiController - ******************************************
[INFO ] 2021-12-28 01:09:38.807 [http-nio-8080-exec-1] UserApiController - 
[INFO ] 2021-12-28 01:09:38.833 [http-nio-8080-exec-8] UserApiController - 
[INFO ] 2021-12-28 01:09:38.834 [http-nio-8080-exec-8] UserApiController - *******************************************
[INFO ] 2021-12-28 01:09:38.834 [http-nio-8080-exec-8] UserApiController - GET /userId/listtodos
[INFO ] 2021-12-28 01:09:38.834 [http-nio-8080-exec-8] UserApiController - 	userId: 1
[INFO ] 2021-12-28 01:09:38.834 [http-nio-8080-exec-8] UserApiController - ******************************************
[INFO ] 2021-12-28 01:09:38.834 [http-nio-8080-exec-8] UserApiController - 
[INFO ] 2021-12-28 01:09:45.683 [http-nio-8080-exec-4] UserApiController - 
[INFO ] 2021-12-28 01:09:45.684 [http-nio-8080-exec-4] UserApiController - *******************************************
[INFO ] 2021-12-28 01:09:45.684 [http-nio-8080-exec-4] UserApiController - GET /userId/deletetodos/todoId
[INFO ] 2021-12-28 01:09:45.684 [http-nio-8080-exec-4] UserApiController - 	userId: 1
[INFO ] 2021-12-28 01:09:45.684 [http-nio-8080-exec-4] UserApiController - ******************************************
[INFO ] 2021-12-28 01:09:45.684 [http-nio-8080-exec-4] UserApiController - 
[INFO ] 2021-12-28 01:09:45.703 [http-nio-8080-exec-3] UserApiController - 
[INFO ] 2021-12-28 01:09:45.703 [http-nio-8080-exec-3] UserApiController - *******************************************
[INFO ] 2021-12-28 01:09:45.703 [http-nio-8080-exec-3] UserApiController - GET /userId/listtodos
[INFO ] 2021-12-28 01:09:45.703 [http-nio-8080-exec-3] UserApiController - 	userId: 1
[INFO ] 2021-12-28 01:09:45.703 [http-nio-8080-exec-3] UserApiController - ******************************************
[INFO ] 2021-12-28 01:09:45.703 [http-nio-8080-exec-3] UserApiController - 
[INFO ] 2021-12-28 01:09:46.787 [http-nio-8080-exec-5] UserApiController - 
[INFO ] 2021-12-28 01:09:46.787 [http-nio-8080-exec-5] UserApiController - *******************************************
[INFO ] 2021-12-28 01:09:46.787 [http-nio-8080-exec-5] UserApiController - GET /userId/edit/todoId
[INFO ] 2021-12-28 01:09:46.787 [http-nio-8080-exec-5] UserApiController - 	userId: 1
[INFO ] 2021-12-28 01:09:46.787 [http-nio-8080-exec-5] UserApiController - ******************************************
[INFO ] 2021-12-28 01:09:46.787 [http-nio-8080-exec-5] UserApiController - 
[INFO ] 2021-12-28 01:09:52.214 [http-nio-8080-exec-10] UserApiController - 
[INFO ] 2021-12-28 01:09:52.214 [http-nio-8080-exec-10] UserApiController - *******************************************
[INFO ] 2021-12-28 01:09:52.214 [http-nio-8080-exec-10] UserApiController - POST /userId/updatetodos/todoId
[INFO ] 2021-12-28 01:09:52.214 [http-nio-8080-exec-10] UserApiController - 	userId: 1
[INFO ] 2021-12-28 01:09:52.214 [http-nio-8080-exec-10] UserApiController - 	todo: TodoDto [title=praba, description=tamil, status=In Progress, targetDate=2021-12-15, lastUpdatedDate=2021-12-28 01:09:38]
[INFO ] 2021-12-28 01:09:52.214 [http-nio-8080-exec-10] UserApiController - ******************************************
[INFO ] 2021-12-28 01:09:52.214 [http-nio-8080-exec-10] UserApiController - 
[INFO ] 2021-12-28 01:09:52.254 [http-nio-8080-exec-9] UserApiController - 
[INFO ] 2021-12-28 01:09:52.255 [http-nio-8080-exec-9] UserApiController - *******************************************
[INFO ] 2021-12-28 01:09:52.255 [http-nio-8080-exec-9] UserApiController - GET /userId/listtodos
[INFO ] 2021-12-28 01:09:52.255 [http-nio-8080-exec-9] UserApiController - 	userId: 1
[INFO ] 2021-12-28 01:09:52.255 [http-nio-8080-exec-9] UserApiController - ******************************************
[INFO ] 2021-12-28 01:09:52.255 [http-nio-8080-exec-9] UserApiController - 
